<?xml version="1.0" encoding="utf-8"?>
<testsuites>
	<testsuite name="inbox" time="9.312400" disabled="0" errors="0" tests="4" failures="2" skipped="1" timestamp="2026-09-14T09:33:02.451Z" hostname="fv-az123">
		<testcase name="renders the unified inbox" time="1.204100" classname="inbox" file="/home/runner/work/project-room/project-room/scripts/inbox-browser-check.mjs"/>
		<testcase name="marks a thread read: 100% of rows, no dupes" time="0.987125" classname="inbox" file="/home/runner/work/project-room/project-room/scripts/inbox-browser-check.mjs" failure="Expected values to be strictly equal:&#10;&#10;2 !== 1&#10;">
			<failure type="testCodeFailure" message="Expected values to be strictly equal:&#10;&#10;2 !== 1&#10;">
Error [ERR_TEST_FAILURE]: Expected values to be strictly equal:

2 !== 1

    at async Promise.all (index 0) {
  code: 'ERR_TEST_FAILURE',
  failureType: 'testCodeFailure',
  cause: AssertionError [ERR_ASSERTION]: Expected values to be strictly equal:
  
  2 !== 1
  
      at TestContext.&lt;anonymous> (file:///home/runner/work/project-room/project-room/scripts/inbox-browser-check.mjs:88:12) {
    generatedMessage: true,
    code: 'ERR_ASSERTION',
    actual: 2,
    expected: 1,
    operator: 'strictEqual'
  }
}
			</failure>
		</testcase>
		<testcase name="reconnects after the server restarts" time="30.041300" classname="inbox" file="/home/runner/work/project-room/project-room/scripts/inbox-browser-check.mjs" failure="locator.click: Timeout 30000ms exceeded.&#10;Call log:&#10;  - waiting for getByRole('button', { name: 'Send' })">
			<failure type="testCodeFailure" message="locator.click: Timeout 30000ms exceeded.&#10;Call log:&#10;  - waiting for getByRole('button', { name: 'Send' })">
[Error [ERR_TEST_FAILURE]: locator.click: Timeout 30000ms exceeded.] {
  code: 'ERR_TEST_FAILURE',
  failureType: 'testCodeFailure',
  cause: TimeoutError: locator.click: Timeout 30000ms exceeded.
  Call log:
    - waiting for getByRole('button', { name: 'Send' })
      at TestContext.&lt;anonymous> (file:///home/runner/work/project-room/project-room/scripts/inbox-browser-check.mjs:140:9)
}
			</failure>
		</testcase>
		<testcase name="quiet mode &amp;quot;a | b&amp;quot;" time="0.001375" classname="inbox" file="/home/runner/work/project-room/project-room/scripts/inbox-browser-check.mjs">
			<skipped type="skipped" message="needs a display"/>
		</testcase>
	</testsuite>
	<!-- tests 4 -->
	<!-- suites 1 -->
	<!-- pass 1 -->
	<!-- fail 2 -->
	<!-- cancelled 0 -->
	<!-- skipped 1 -->
	<!-- todo 0 -->
	<!-- duration_ms 9312.4 -->
</testsuites>
